2020-08-06 16:26:57,580 INFO notifyConnectTimeout:200

2020-08-06 16:26:57,585 INFO notifySocketTimeout:8000

2020-08-06 16:26:57,585 INFO isHealthCheck:true

2020-08-06 16:26:57,585 INFO maxHealthCheckFailCount:12

2020-08-06 16:26:57,585 INFO maxContent:10485760

2020-08-06 16:27:09,338 INFO use local db service for init

2020-08-06 16:27:11,374 WARN Lexical error at line 4, column 66.  Encountered: <EOF> after : "".

2020-08-06 16:27:11,443 WARN Syntax error: Encountered "*" at line 1, column 1.

2020-08-06 16:27:11,492 WARN Table/View 'CONFIG_INFO' already exists in Schema 'NACOS'.

2020-08-06 16:27:11,597 WARN Table/View 'HIS_CONFIG_INFO' already exists in Schema 'NACOS'.

2020-08-06 16:27:11,613 WARN Table/View 'CONFIG_INFO_BETA' already exists in Schema 'NACOS'.

2020-08-06 16:27:11,622 WARN Table/View 'CONFIG_INFO_TAG' already exists in Schema 'NACOS'.

2020-08-06 16:27:11,631 WARN Table/View 'CONFIG_INFO_AGGR' already exists in Schema 'NACOS'.

2020-08-06 16:27:11,640 WARN Table/View 'APP_LIST' already exists in Schema 'NACOS'.

2020-08-06 16:27:11,648 WARN Table/View 'APP_CONFIGDATA_RELATION_SUBS' already exists in Schema 'NACOS'.

2020-08-06 16:27:11,656 WARN Table/View 'APP_CONFIGDATA_RELATION_PUBS' already exists in Schema 'NACOS'.

2020-08-06 16:27:11,664 WARN Table/View 'CONFIG_TAGS_RELATION' already exists in Schema 'NACOS'.

2020-08-06 16:27:11,676 WARN Table/View 'GROUP_CAPACITY' already exists in Schema 'NACOS'.

2020-08-06 16:27:11,684 WARN Table/View 'TENANT_CAPACITY' already exists in Schema 'NACOS'.

2020-08-06 16:27:11,691 WARN Table/View 'TENANT_INFO' already exists in Schema 'NACOS'.

2020-08-06 16:27:11,701 WARN Table/View 'USERS' already exists in Schema 'NACOS'.

2020-08-06 16:27:11,708 WARN Table/View 'ROLES' already exists in Schema 'NACOS'.

2020-08-06 16:27:11,716 WARN Table/View 'PERMISSIONS' already exists in Schema 'NACOS'.

2020-08-06 16:27:11,838 WARN The statement was aborted because it would have caused a duplicate key value in a unique or primary key constraint or unique index identified by 'SQL200805122227430' defined on 'USERS'.

2020-08-06 16:27:11,845 WARN The statement was aborted because it would have caused a duplicate key value in a unique or primary key constraint or unique index identified by 'UK_USERNAME_ROLE' defined on 'ROLES'.

2020-08-06 16:27:11,845 INFO use StandaloneDatabaseOperateImpl

2020-08-06 16:27:14,285 WARN DumpService start

2020-08-06 16:27:14,288 INFO start clear all config-info.

2020-08-06 16:27:14,298 WARN clear all config-info failed.

2020-08-06 16:27:14,298 WARN clear all config-info-tenant failed.

2020-08-06 16:27:14,348 INFO start clear all config-info-beta.

2020-08-06 16:27:14,348 WARN clear all config-info-beta failed.

2020-08-06 16:27:14,349 WARN clear all config-info-beta-tenant failed.

2020-08-06 16:27:14,435 INFO start clear all config-info-tag.

2020-08-06 16:27:14,435 WARN clear all config-info-tag failed.

2020-08-06 16:27:14,436 WARN clear all config-info-tag-tenant failed.

